{
  "stats": {
    "suites": 3,
    "tests": 4,
    "passes": 4,
    "pending": 0,
    "failures": 0,
    "start": "2021-05-27T14:26:51.349Z",
    "end": "2021-05-27T14:31:49.739Z",
    "duration": 226362,
    "testsRegistered": 4,
    "passPercent": 100,
    "pendingPercent": 0,
    "other": 0,
    "hasOther": false,
    "skipped": 0,
    "hasSkipped": false
  },
  "results": [
    {
      "uuid": "e3f9cd1f-ca8b-46ad-920b-d004971b486a",
      "title": "",
      "fullFile": "cypress/integration/tests/features/TariffOfferDetails.feature",
      "file": "cypress/integration/tests/features/TariffOfferDetails.feature",
      "beforeHooks": [],
      "afterHooks": [],
      "tests": [],
      "suites": [
        {
          "uuid": "bc1bc010-d1d2-48bc-8ba2-5fad55746d5c",
          "title": "Tariff Offers Details",
          "fullFile": "",
          "file": "",
          "beforeHooks": [],
          "afterHooks": [],
          "tests": [
            {
              "title": "Verify offer details for selected tariff (example #1)",
              "fullTitle": "Tariff Offers Details Verify offer details for selected tariff (example #1)",
              "timedOut": null,
              "duration": 42657,
              "state": "passed",
              "speed": "slow",
              "pass": true,
              "fail": false,
              "pending": false,
              "context": null,
              "code": "const state = window.testState;\nreturn cy\n  .then(() => state.onStartScenario(scenario, indexedSteps))\n  .then(() =>\n    resolveAndRunBeforeHooks.call(this, scenario.tags, state.feature.name)\n  )\n  .then(() =>\n    indexedSteps.forEach((step) =>\n      stepTest.call(this, state, step, rowData)\n    )\n  )\n  .then(() =>\n    resolveAndRunAfterHooks.call(this, scenario.tags, state.feature.name)\n  )\n  .then(() => state.onFinishScenario(scenario));",
              "err": {},
              "uuid": "ddf5e3a5-de27-4248-8c95-f19d74e570b1",
              "parentUUID": "bc1bc010-d1d2-48bc-8ba2-5fad55746d5c",
              "isHook": false,
              "skipped": false
            },
            {
              "title": "Verify offer details for selected tariff (example #2)",
              "fullTitle": "Tariff Offers Details Verify offer details for selected tariff (example #2)",
              "timedOut": null,
              "duration": 33490,
              "state": "passed",
              "speed": "slow",
              "pass": true,
              "fail": false,
              "pending": false,
              "context": null,
              "code": "const state = window.testState;\nreturn cy\n  .then(() => state.onStartScenario(scenario, indexedSteps))\n  .then(() =>\n    resolveAndRunBeforeHooks.call(this, scenario.tags, state.feature.name)\n  )\n  .then(() =>\n    indexedSteps.forEach((step) =>\n      stepTest.call(this, state, step, rowData)\n    )\n  )\n  .then(() =>\n    resolveAndRunAfterHooks.call(this, scenario.tags, state.feature.name)\n  )\n  .then(() => state.onFinishScenario(scenario));",
              "err": {},
              "uuid": "9a3c2315-415e-43eb-9a51-db70dd4364a4",
              "parentUUID": "bc1bc010-d1d2-48bc-8ba2-5fad55746d5c",
              "isHook": false,
              "skipped": false
            }
          ],
          "suites": [],
          "passes": [
            "ddf5e3a5-de27-4248-8c95-f19d74e570b1",
            "9a3c2315-415e-43eb-9a51-db70dd4364a4"
          ],
          "failures": [],
          "pending": [],
          "skipped": [],
          "duration": 76147,
          "root": false,
          "rootEmpty": false,
          "_timeout": 2000
        }
      ],
      "passes": [],
      "failures": [],
      "pending": [],
      "skipped": [],
      "duration": 0,
      "root": true,
      "rootEmpty": true,
      "_timeout": 2000
    },
    {
      "uuid": "9558e611-d5ea-4c8c-a502-6e8e0e321a26",
      "title": "",
      "fullFile": "cypress/integration/tests/features/VerifyDSLCalculator.feature",
      "file": "cypress/integration/tests/features/VerifyDSLCalculator.feature",
      "beforeHooks": [],
      "afterHooks": [],
      "tests": [],
      "suites": [
        {
          "uuid": "4ba66d2d-5776-4e6f-9aff-d5b54afb3de0",
          "title": "DSL Calculator",
          "fullFile": "",
          "file": "",
          "beforeHooks": [],
          "afterHooks": [],
          "tests": [
            {
              "title": "Verify the DSL calculator",
              "fullTitle": "DSL Calculator Verify the DSL calculator",
              "timedOut": null,
              "duration": 33689,
              "state": "passed",
              "speed": "slow",
              "pass": true,
              "fail": false,
              "pending": false,
              "context": null,
              "code": "const state = window.testState;\nreturn cy\n  .then(() => state.onStartScenario(scenario, indexedSteps))\n  .then(() =>\n    resolveAndRunBeforeHooks.call(this, scenario.tags, state.feature.name)\n  )\n  .then(() =>\n    indexedSteps.forEach((step) =>\n      stepTest.call(this, state, step, rowData)\n    )\n  )\n  .then(() =>\n    resolveAndRunAfterHooks.call(this, scenario.tags, state.feature.name)\n  )\n  .then(() => state.onFinishScenario(scenario));",
              "err": {},
              "uuid": "ff05f680-ff48-4829-9448-678f24f24cc2",
              "parentUUID": "4ba66d2d-5776-4e6f-9aff-d5b54afb3de0",
              "isHook": false,
              "skipped": false
            }
          ],
          "suites": [],
          "passes": [
            "ff05f680-ff48-4829-9448-678f24f24cc2"
          ],
          "failures": [],
          "pending": [],
          "skipped": [],
          "duration": 33689,
          "root": false,
          "rootEmpty": false,
          "_timeout": 2000
        }
      ],
      "passes": [],
      "failures": [],
      "pending": [],
      "skipped": [],
      "duration": 0,
      "root": true,
      "rootEmpty": true,
      "_timeout": 2000
    },
    {
      "uuid": "7ddab5bf-734c-4b73-826d-9734e2361845",
      "title": "",
      "fullFile": "cypress/integration/tests/features/MultipleTariffsResult.feature",
      "file": "cypress/integration/tests/features/MultipleTariffsResult.feature",
      "beforeHooks": [],
      "afterHooks": [],
      "tests": [],
      "suites": [
        {
          "uuid": "7af23a71-0bcc-45b9-b93a-bed1d1a06967",
          "title": "Display mulitple tariffs",
          "fullFile": "",
          "file": "",
          "beforeHooks": [],
          "afterHooks": [],
          "tests": [
            {
              "title": "Load multiple tariff result pages",
              "fullTitle": "Display mulitple tariffs Load multiple tariff result pages",
              "timedOut": null,
              "duration": 116526,
              "state": "passed",
              "speed": "slow",
              "pass": true,
              "fail": false,
              "pending": false,
              "context": null,
              "code": "const state = window.testState;\nreturn cy\n  .then(() => state.onStartScenario(scenario, indexedSteps))\n  .then(() =>\n    resolveAndRunBeforeHooks.call(this, scenario.tags, state.feature.name)\n  )\n  .then(() =>\n    indexedSteps.forEach((step) =>\n      stepTest.call(this, state, step, rowData)\n    )\n  )\n  .then(() =>\n    resolveAndRunAfterHooks.call(this, scenario.tags, state.feature.name)\n  )\n  .then(() => state.onFinishScenario(scenario));",
              "err": {},
              "uuid": "76dbfe57-6416-4bf7-8ac8-e7aeff938ebd",
              "parentUUID": "7af23a71-0bcc-45b9-b93a-bed1d1a06967",
              "isHook": false,
              "skipped": false
            }
          ],
          "suites": [],
          "passes": [
            "76dbfe57-6416-4bf7-8ac8-e7aeff938ebd"
          ],
          "failures": [],
          "pending": [],
          "skipped": [],
          "duration": 116526,
          "root": false,
          "rootEmpty": false,
          "_timeout": 2000
        }
      ],
      "passes": [],
      "failures": [],
      "pending": [],
      "skipped": [],
      "duration": 0,
      "root": true,
      "rootEmpty": true,
      "_timeout": 2000
    }
  ],
  "meta": {
    "mocha": {
      "version": "7.0.1"
    },
    "mochawesome": {
      "options": {
        "quiet": false,
        "reportFilename": "mochawesome",
        "saveHtml": false,
        "saveJson": true,
        "consoleReporter": "spec",
        "useInlineDiffs": false,
        "code": true
      },
      "version": "6.2.2"
    },
    "marge": {
      "options": {
        "id": "default",
        "reportDir": "cypress/reports/mocha",
        "quite": true,
        "overwrite": false,
        "html": false,
        "json": true
      },
      "version": "5.2.0"
    }
  }
}